<?xml version="1.0" encoding="UTF-8"?>
<testng-results ignored="2" total="19" passed="16" failed="1" skipped="0">
  <reporter-output>
  </reporter-output>
  <suite started-at="2022-01-31T22:35:52 SAST" name="Suite" finished-at="2022-01-31T22:36:51 SAST" duration-ms="59074">
    <groups>
    </groups>
    <test started-at="2022-01-31T22:35:52 SAST" name="Test" finished-at="2022-01-31T22:36:51 SAST" duration-ms="59074">
      <class name="com.selenium.assessment.Config">
        <test-method is-config="true" signature="setup()[pri:0, instance:com.selenium.assessment.Config@5824a83d]" started-at="2022-01-31T22:35:51 SAST" name="setup" finished-at="2022-01-31T22:35:52 SAST" duration-ms="1809" status="PASS">
          <reporter-output>
          </reporter-output>
        </test-method> <!-- setup -->
        <test-method is-config="true" signature="cleanUp()[pri:0, instance:com.selenium.assessment.Config@5824a83d]" started-at="2022-01-31T22:36:51 SAST" name="cleanUp" finished-at="2022-01-31T22:36:56 SAST" duration-ms="4203" status="PASS">
          <reporter-output>
          </reporter-output>
        </test-method> <!-- cleanUp -->
      </class> <!-- com.selenium.assessment.Config -->
      <class name="com.selenium.assessment.Logout">
        <test-method signature="exitApp()[pri:17, instance:com.selenium.assessment.Logout@738dc9b]" started-at="2022-01-31T22:36:42 SAST" name="exitApp" finished-at="2022-01-31T22:36:51 SAST" duration-ms="9777" status="PASS">
          <reporter-output>
          </reporter-output>
        </test-method> <!-- exitApp -->
      </class> <!-- com.selenium.assessment.Logout -->
      <class name="com.selenium.assessment.PageTitle">
        <test-method signature="test_case_one()[pri:1, instance:com.selenium.assessment.PageTitle@6c1a5b54]" started-at="2022-01-31T22:35:52 SAST" name="test_case_one" finished-at="2022-01-31T22:36:06 SAST" duration-ms="13107" status="PASS">
          <reporter-output>
          </reporter-output>
        </test-method> <!-- test_case_one -->
      </class> <!-- com.selenium.assessment.PageTitle -->
      <class name="com.selenium.assessment.AddButton">
        <test-method signature="validateUrl()[pri:12, instance:com.selenium.assessment.AddButton@368247b9]" started-at="2022-01-31T22:36:23 SAST" name="validateUrl" finished-at="2022-01-31T22:36:23 SAST" duration-ms="4" status="PASS">
          <reporter-output>
          </reporter-output>
        </test-method> <!-- validateUrl -->
      </class> <!-- com.selenium.assessment.AddButton -->
      <class name="com.selenium.assessment.Login">
        <test-method signature="login(java.lang.String,java.lang.String)[pri:2, instance:com.selenium.assessment.Login@1c7696c6]" started-at="2022-01-31T22:36:06 SAST" name="login" data-provider="test" finished-at="2022-01-31T22:36:20 SAST" duration-ms="14618" status="PASS">
          <params>
            <param index="0">
              <value>
                <![CDATA[Admin]]>
              </value>
            </param>
            <param index="1">
              <value>
                <![CDATA[admin123]]>
              </value>
            </param>
          </params>
          <reporter-output>
          </reporter-output>
        </test-method> <!-- login -->
        <test-method is-config="true" signature="EvaluateResult(org.testng.ITestResult)[pri:0, instance:com.selenium.assessment.Login@1c7696c6]" started-at="2022-01-31T22:36:20 SAST" name="EvaluateResult" finished-at="2022-01-31T22:36:20 SAST" duration-ms="0" status="PASS">
          <params>
            <param index="0">
              <value>
                <![CDATA[[TestResult name=login status=SUCCESS method=Login.login(java.lang.String,java.lang.String)[pri:2, instance:com.selenium.assessment.Login@1c7696c6] output={null}]]]>
              </value>
            </param>
          </params>
          <reporter-output>
          </reporter-output>
        </test-method> <!-- EvaluateResult -->
        <test-method signature="validateUrl()[pri:3, instance:com.selenium.assessment.Login@1c7696c6]" started-at="2022-01-31T22:36:20 SAST" name="validateUrl" finished-at="2022-01-31T22:36:20 SAST" duration-ms="7" status="PASS">
          <reporter-output>
          </reporter-output>
        </test-method> <!-- validateUrl -->
        <test-method is-config="true" signature="EvaluateResult(org.testng.ITestResult)[pri:0, instance:com.selenium.assessment.Login@1c7696c6]" started-at="2022-01-31T22:36:20 SAST" name="EvaluateResult" finished-at="2022-01-31T22:36:20 SAST" duration-ms="0" status="PASS">
          <params>
            <param index="0">
              <value>
                <![CDATA[[TestResult name=validateUrl status=SUCCESS method=Login.validateUrl()[pri:3, instance:com.selenium.assessment.Login@1c7696c6] output={null}]]]>
              </value>
            </param>
          </params>
          <reporter-output>
          </reporter-output>
        </test-method> <!-- EvaluateResult -->
        <test-method signature="validateAdminTab()[pri:4, instance:com.selenium.assessment.Login@1c7696c6]" started-at="2022-01-31T22:36:20 SAST" name="validateAdminTab" finished-at="2022-01-31T22:36:20 SAST" duration-ms="33" status="PASS">
          <reporter-output>
          </reporter-output>
        </test-method> <!-- validateAdminTab -->
        <test-method signature="validateWelcomeAdmin()[pri:5, instance:com.selenium.assessment.Login@1c7696c6]" started-at="2022-01-31T22:36:20 SAST" name="validateWelcomeAdmin" finished-at="2022-01-31T22:36:20 SAST" duration-ms="22" status="PASS">
          <reporter-output>
          </reporter-output>
        </test-method> <!-- validateWelcomeAdmin -->
        <test-method is-config="true" signature="EvaluateResult(org.testng.ITestResult)[pri:0, instance:com.selenium.assessment.Login@1c7696c6]" started-at="2022-01-31T22:36:20 SAST" name="EvaluateResult" finished-at="2022-01-31T22:36:20 SAST" duration-ms="0" status="PASS">
          <params>
            <param index="0">
              <value>
                <![CDATA[[TestResult name=validateAdminTab status=SUCCESS method=Login.validateAdminTab()[pri:4, instance:com.selenium.assessment.Login@1c7696c6] output={null}]]]>
              </value>
            </param>
          </params>
          <reporter-output>
          </reporter-output>
        </test-method> <!-- EvaluateResult -->
        <test-method is-config="true" signature="EvaluateResult(org.testng.ITestResult)[pri:0, instance:com.selenium.assessment.Login@1c7696c6]" started-at="2022-01-31T22:36:20 SAST" name="EvaluateResult" finished-at="2022-01-31T22:36:20 SAST" duration-ms="0" status="PASS">
          <params>
            <param index="0">
              <value>
                <![CDATA[[TestResult name=validateWelcomeAdmin status=SUCCESS method=Login.validateWelcomeAdmin()[pri:5, instance:com.selenium.assessment.Login@1c7696c6] output={null}]]]>
              </value>
            </param>
          </params>
          <reporter-output>
          </reporter-output>
        </test-method> <!-- EvaluateResult -->
      </class> <!-- com.selenium.assessment.Login -->
      <class name="com.selenium.assessment.SearchAgain">
        <test-method signature="findUserAgain()[pri:17, instance:com.selenium.assessment.SearchAgain@71ba6d4e]" started-at="2022-01-31T22:36:34 SAST" name="findUserAgain" finished-at="2022-01-31T22:36:42 SAST" duration-ms="7947" status="PASS">
          <reporter-output>
          </reporter-output>
        </test-method> <!-- findUserAgain -->
      </class> <!-- com.selenium.assessment.SearchAgain -->
      <class name="com.selenium.assessment.AddUser">
        <test-method signature="fillUserInfo()[pri:13, instance:com.selenium.assessment.AddUser@1a6d8329]" started-at="2022-01-31T22:36:23 SAST" name="fillUserInfo" finished-at="2022-01-31T22:36:27 SAST" duration-ms="4450" status="PASS">
          <reporter-output>
          </reporter-output>
        </test-method> <!-- fillUserInfo -->
      </class> <!-- com.selenium.assessment.AddUser -->
      <class name="com.selenium.assessment.DeleteUser">
        <test-method signature="delete()[pri:15, instance:com.selenium.assessment.DeleteUser@55a147cc]" started-at="2022-01-31T22:36:34 SAST" name="delete" finished-at="2022-01-31T22:36:34 SAST" duration-ms="11" status="FAIL">
          <exception class="org.openqa.selenium.NoSuchElementException">
            <message>
              <![CDATA[no such element: Unable to locate element: {"method":"css selector","selector":"#ohrmList_chkSelectRecord_39"}
  (Session info: chrome=97.0.4692.99)
For documentation on this error, please visit: https://selenium.dev/exceptions/#no_such_element
Build info: version: '4.1.1', revision: 'e8fcc2cecf'
System info: host: 'LAPTOP-J5FCD780', ip: '192.168.43.111', os.name: 'Windows 10', os.arch: 'amd64', os.version: '10.0', java.version: '16.0.2'
Driver info: org.openqa.selenium.chrome.ChromeDriver
Command: [fa3aacfd4130abb07a8197a60a6d9750, findElement {using=id, value=ohrmList_chkSelectRecord_39}]
Capabilities {acceptInsecureCerts: false, browserName: chrome, browserVersion: 97.0.4692.99, chrome: {chromedriverVersion: 97.0.4692.71 (adefa7837d02a..., userDataDir: C:\Users\MOSIMA~1.CHO\AppDa...}, goog:chromeOptions: {debuggerAddress: localhost:50943}, javascriptEnabled: true, networkConnectionEnabled: false, pageLoadStrategy: normal, platform: WINDOWS, platformName: WINDOWS, proxy: Proxy(), se:cdp: ws://localhost:50943/devtoo..., se:cdpVersion: 97.0.4692.99, setWindowRect: true, strictFileInteractability: false, timeouts: {implicit: 0, pageLoad: 300000, script: 30000}, unhandledPromptBehavior: dismiss and notify, webauthn:extension:credBlob: true, webauthn:extension:largeBlob: true, webauthn:virtualAuthenticators: true}
Session ID: fa3aacfd4130abb07a8197a60a6d9750]]>
            </message>
            <full-stacktrace>
              <![CDATA[org.openqa.selenium.NoSuchElementException: no such element: Unable to locate element: {"method":"css selector","selector":"#ohrmList_chkSelectRecord_39"}
  (Session info: chrome=97.0.4692.99)
For documentation on this error, please visit: https://selenium.dev/exceptions/#no_such_element
Build info: version: '4.1.1', revision: 'e8fcc2cecf'
System info: host: 'LAPTOP-J5FCD780', ip: '192.168.43.111', os.name: 'Windows 10', os.arch: 'amd64', os.version: '10.0', java.version: '16.0.2'
Driver info: org.openqa.selenium.chrome.ChromeDriver
Command: [fa3aacfd4130abb07a8197a60a6d9750, findElement {using=id, value=ohrmList_chkSelectRecord_39}]
Capabilities {acceptInsecureCerts: false, browserName: chrome, browserVersion: 97.0.4692.99, chrome: {chromedriverVersion: 97.0.4692.71 (adefa7837d02a..., userDataDir: C:\Users\MOSIMA~1.CHO\AppDa...}, goog:chromeOptions: {debuggerAddress: localhost:50943}, javascriptEnabled: true, networkConnectionEnabled: false, pageLoadStrategy: normal, platform: WINDOWS, platformName: WINDOWS, proxy: Proxy(), se:cdp: ws://localhost:50943/devtoo..., se:cdpVersion: 97.0.4692.99, setWindowRect: true, strictFileInteractability: false, timeouts: {implicit: 0, pageLoad: 300000, script: 30000}, unhandledPromptBehavior: dismiss and notify, webauthn:extension:credBlob: true, webauthn:extension:largeBlob: true, webauthn:virtualAuthenticators: true}
Session ID: fa3aacfd4130abb07a8197a60a6d9750
at java.base/jdk.internal.reflect.NativeConstructorAccessorImpl.newInstance0(Native Method)
at java.base/jdk.internal.reflect.NativeConstructorAccessorImpl.newInstance(NativeConstructorAccessorImpl.java:78)
at java.base/jdk.internal.reflect.DelegatingConstructorAccessorImpl.newInstance(DelegatingConstructorAccessorImpl.java:45)
at java.base/java.lang.reflect.Constructor.newInstanceWithCaller(Constructor.java:499)
at java.base/java.lang.reflect.Constructor.newInstance(Constructor.java:480)
at org.openqa.selenium.remote.codec.w3c.W3CHttpResponseCodec.createException(W3CHttpResponseCodec.java:200)
at org.openqa.selenium.remote.codec.w3c.W3CHttpResponseCodec.decode(W3CHttpResponseCodec.java:133)
at org.openqa.selenium.remote.codec.w3c.W3CHttpResponseCodec.decode(W3CHttpResponseCodec.java:53)
at org.openqa.selenium.remote.HttpCommandExecutor.execute(HttpCommandExecutor.java:184)
at org.openqa.selenium.remote.service.DriverCommandExecutor.invokeExecute(DriverCommandExecutor.java:167)
at org.openqa.selenium.remote.service.DriverCommandExecutor.execute(DriverCommandExecutor.java:142)
at org.openqa.selenium.remote.RemoteWebDriver.execute(RemoteWebDriver.java:543)
at org.openqa.selenium.remote.ElementLocation$ElementFinder$2.findElement(ElementLocation.java:162)
at org.openqa.selenium.remote.ElementLocation.findElement(ElementLocation.java:60)
at org.openqa.selenium.remote.RemoteWebDriver.findElement(RemoteWebDriver.java:367)
at org.openqa.selenium.remote.RemoteWebDriver.findElement(RemoteWebDriver.java:359)
at com.selenium.assessment.DeleteUser.delete(DeleteUser.java:18)
at java.base/jdk.internal.reflect.NativeMethodAccessorImpl.invoke0(Native Method)
at java.base/jdk.internal.reflect.NativeMethodAccessorImpl.invoke(NativeMethodAccessorImpl.java:78)
at java.base/jdk.internal.reflect.DelegatingMethodAccessorImpl.invoke(DelegatingMethodAccessorImpl.java:43)
at java.base/java.lang.reflect.Method.invoke(Method.java:567)
at org.testng.internal.MethodInvocationHelper.invokeMethod(MethodInvocationHelper.java:133)
at org.testng.internal.TestInvoker.invokeMethod(TestInvoker.java:598)
at org.testng.internal.TestInvoker.invokeTestMethod(TestInvoker.java:173)
at org.testng.internal.MethodRunner.runInSequence(MethodRunner.java:46)
at org.testng.internal.TestInvoker$MethodInvocationAgent.invoke(TestInvoker.java:824)
at org.testng.internal.TestInvoker.invokeTestMethods(TestInvoker.java:146)
at org.testng.internal.TestMethodWorker.invokeTestMethods(TestMethodWorker.java:146)
at org.testng.internal.TestMethodWorker.run(TestMethodWorker.java:128)
at java.base/java.util.ArrayList.forEach(ArrayList.java:1511)
at org.testng.TestRunner.privateRun(TestRunner.java:794)
at org.testng.TestRunner.run(TestRunner.java:596)
at org.testng.SuiteRunner.runTest(SuiteRunner.java:377)
at org.testng.SuiteRunner.runSequentially(SuiteRunner.java:371)
at org.testng.SuiteRunner.privateRun(SuiteRunner.java:332)
at org.testng.SuiteRunner.run(SuiteRunner.java:276)
at org.testng.SuiteRunnerWorker.runSuite(SuiteRunnerWorker.java:53)
at org.testng.SuiteRunnerWorker.run(SuiteRunnerWorker.java:96)
at org.testng.TestNG.runSuitesSequentially(TestNG.java:1212)
at org.testng.TestNG.runSuitesLocally(TestNG.java:1134)
at org.testng.TestNG.runSuites(TestNG.java:1063)
at org.testng.TestNG.run(TestNG.java:1031)
at org.testng.remote.AbstractRemoteTestNG.run(AbstractRemoteTestNG.java:115)
at org.testng.remote.RemoteTestNG.initAndRun(RemoteTestNG.java:251)
at org.testng.remote.RemoteTestNG.main(RemoteTestNG.java:77)
]]>
            </full-stacktrace>
          </exception> <!-- org.openqa.selenium.NoSuchElementException -->
          <reporter-output>
          </reporter-output>
        </test-method> <!-- delete -->
      </class> <!-- com.selenium.assessment.DeleteUser -->
      <class name="com.selenium.assessment.SearchUser">
        <test-method signature="finduser()[pri:14, instance:com.selenium.assessment.SearchUser@1a942c18]" started-at="2022-01-31T22:36:27 SAST" name="finduser" finished-at="2022-01-31T22:36:34 SAST" duration-ms="6683" status="PASS">
          <reporter-output>
          </reporter-output>
        </test-method> <!-- finduser -->
      </class> <!-- com.selenium.assessment.SearchUser -->
      <class name="com.selenium.assessment.AdminTab">
        <test-method signature="test_case_three()[pri:6, instance:com.selenium.assessment.AdminTab@1e6a3214]" started-at="2022-01-31T22:36:20 SAST" name="test_case_three" finished-at="2022-01-31T22:36:22 SAST" duration-ms="2285" status="PASS">
          <reporter-output>
          </reporter-output>
        </test-method> <!-- test_case_three -->
        <test-method signature="validateAdminUrl()[pri:7, instance:com.selenium.assessment.AdminTab@1e6a3214]" started-at="2022-01-31T22:36:22 SAST" name="validateAdminUrl" finished-at="2022-01-31T22:36:22 SAST" duration-ms="1" status="PASS">
          <reporter-output>
          </reporter-output>
        </test-method> <!-- validateAdminUrl -->
        <test-method signature="validateAdd()[pri:8, instance:com.selenium.assessment.AdminTab@1e6a3214]" started-at="2022-01-31T22:36:22 SAST" name="validateAdd" finished-at="2022-01-31T22:36:23 SAST" duration-ms="25" status="PASS">
          <reporter-output>
          </reporter-output>
        </test-method> <!-- validateAdd -->
        <test-method signature="validateDelete()[pri:9, instance:com.selenium.assessment.AdminTab@1e6a3214]" started-at="2022-01-31T22:36:23 SAST" name="validateDelete" finished-at="2022-01-31T22:36:23 SAST" duration-ms="28" status="PASS">
          <reporter-output>
          </reporter-output>
        </test-method> <!-- validateDelete -->
        <test-method signature="validateSearch()[pri:10, instance:com.selenium.assessment.AdminTab@1e6a3214]" started-at="2022-01-31T22:36:23 SAST" name="validateSearch" finished-at="2022-01-31T22:36:23 SAST" duration-ms="23" status="PASS">
          <reporter-output>
          </reporter-output>
        </test-method> <!-- validateSearch -->
        <test-method signature="validateReset()[pri:11, instance:com.selenium.assessment.AdminTab@1e6a3214]" started-at="2022-01-31T22:36:23 SAST" name="validateReset" finished-at="2022-01-31T22:36:23 SAST" duration-ms="16" status="PASS">
          <reporter-output>
          </reporter-output>
        </test-method> <!-- validateReset -->
      </class> <!-- com.selenium.assessment.AdminTab -->
    </test> <!-- Test -->
  </suite> <!-- Suite -->
</testng-results>
